<?xml version="1.0" encoding="UTF-8"?>
<!-- Generated by org.testng.reporters.JUnitReportReporter -->
<testsuite hostname="LAPTOP-9O068DHJ" failures="0" tests="1" name="com.automation.pages.testscripts.CreateAnAccountTC9" time="20.046" errors="0" timestamp="2023-06-17T00:31:09 EDT" skipped="0">
  <testcase classname="com.automation.pages.testscripts.CreateAnAccountTC9" name="createAccount" time="20.046"/>
  <system-out/>
</testsuite> <!-- com.automation.pages.testscripts.CreateAnAccountTC9 -->
