<?xml version="1.0" encoding="UTF-8"?>
<!-- Generated by org.testng.reporters.JUnitReportReporter -->
<testsuite hostname="LAPTOP-9O068DHJ" failures="0" tests="1" name="com.automation.pages.testscripts.ValidateLoginErrorMessageTC4B" time="3.523" errors="0" timestamp="2023-06-13T17:41:32 EDT" skipped="0">
  <testcase classname="com.automation.pages.testscripts.ValidateLoginErrorMessageTC4B" name="testValidateLoginError" time="3.523"/>
  <system-out/>
</testsuite> <!-- com.automation.pages.testscripts.ValidateLoginErrorMessageTC4B -->
