<?xml version="1.0" encoding="UTF-8"?>
<!-- Generated by org.testng.reporters.JUnitReportReporter -->
<testsuite hostname="LAPTOP-9O068DHJ" failures="0" tests="1" name="com.automation.pages.testscripts.ForgotYourPasswordTestScript" time="6.099" errors="0" timestamp="2023-06-12T10:39:20 EDT" skipped="0">
  <testcase classname="com.automation.pages.testscripts.ForgotYourPasswordTestScript" name="forgetYourPassword" time="6.099"/>
  <system-out/>
</testsuite> <!-- com.automation.pages.testscripts.ForgotYourPasswordTestScript -->
