<?xml version="1.0" encoding="UTF-8"?>
<!-- Generated by org.testng.reporters.JUnitReportReporter -->
<testsuite hostname="LAPTOP-9O068DHJ" failures="0" tests="1" name="com.automation.pages.testscripts.ForgotYourPasswordTestCase4A" time="4.419" errors="0" timestamp="2023-06-16T18:56:25 EDT" skipped="0">
  <testcase classname="com.automation.pages.testscripts.ForgotYourPasswordTestCase4A" name="testForgotPassword" time="4.419"/>
  <system-out/>
</testsuite> <!-- com.automation.pages.testscripts.ForgotYourPasswordTestCase4A -->
