<?xml version="1.0" encoding="UTF-8"?>
<!-- Generated by org.testng.reporters.JUnitReportReporter -->
<testsuite hostname="LAPTOP-9O068DHJ" failures="0" tests="1" name="com.automation.pages.testscripts.LoginTestScript" time="10.996" errors="0" timestamp="2023-06-11T18:16:03 EDT" skipped="0">
  <testcase classname="com.automation.pages.testscripts.LoginTestScript" name="loginToSalesForceTestScript" time="10.996"/>
  <system-out/>
</testsuite> <!-- com.automation.pages.testscripts.LoginTestScript -->
