<?xml version="1.0" encoding="UTF-8"?>
<!-- Generated by org.testng.reporters.JUnitReportReporter -->
<testsuite hostname="LAPTOP-9O068DHJ" failures="0" tests="16" name="com.salesforceseleniumtest.SalesForceAutomationTestScript" time="6.965" errors="0" timestamp="2023-06-10T08:37:03 EDT" skipped="15">
  <testcase classname="com.salesforceseleniumtest.SalesForceAutomationTestScript" name="opportunitiesDropDown" time="6.965"/>
  <system-out/>
  <testcase classname="com.salesforceseleniumtest.SalesForceAutomationTestScript" name="createAnAccount">
    <skipped/>
  </testcase> <!-- createAnAccount -->
  <system-out/>
  <testcase classname="com.salesforceseleniumtest.SalesForceAutomationTestScript" name="userMenuDropDown">
    <skipped/>
  </testcase> <!-- userMenuDropDown -->
  <system-out/>
  <testcase classname="com.salesforceseleniumtest.SalesForceAutomationTestScript" name="createNewView">
    <skipped/>
  </testcase> <!-- createNewView -->
  <system-out/>
  <testcase classname="com.salesforceseleniumtest.SalesForceAutomationTestScript" name="Testquarterlysummaryreport">
    <skipped/>
  </testcase> <!-- Testquarterlysummaryreport -->
  <system-out/>
  <testcase classname="com.salesforceseleniumtest.SalesForceAutomationTestScript" name="forgetYourPassword">
    <skipped/>
  </testcase> <!-- forgetYourPassword -->
  <system-out/>
  <testcase classname="com.salesforceseleniumtest.SalesForceAutomationTestScript" name="loginToSalesForceTestScript">
    <skipped/>
  </testcase> <!-- loginToSalesForceTestScript -->
  <system-out/>
  <testcase classname="com.salesforceseleniumtest.SalesForceAutomationTestScript" name="testOpportunityPipelineReport">
    <skipped/>
  </testcase> <!-- testOpportunityPipelineReport -->
  <system-out/>
  <testcase classname="com.salesforceseleniumtest.SalesForceAutomationTestScript" name="createAccountReportField">
    <skipped/>
  </testcase> <!-- createAccountReportField -->
  <system-out/>
  <testcase classname="com.salesforceseleniumtest.SalesForceAutomationTestScript" name="editView">
    <skipped/>
  </testcase> <!-- editView -->
  <system-out/>
  <testcase classname="com.salesforceseleniumtest.SalesForceAutomationTestScript" name="logoutOptionFromUserMenu">
    <skipped/>
  </testcase> <!-- logoutOptionFromUserMenu -->
  <system-out/>
  <testcase classname="com.salesforceseleniumtest.SalesForceAutomationTestScript" name="TeststuckOpportunitiesReport">
    <skipped/>
  </testcase> <!-- TeststuckOpportunitiesReport -->
  <system-out/>
  <testcase classname="com.salesforceseleniumtest.SalesForceAutomationTestScript" name="createNewOpty">
    <skipped/>
  </testcase> <!-- createNewOpty -->
  <system-out/>
  <testcase classname="com.salesforceseleniumtest.SalesForceAutomationTestScript" name="developerConsole">
    <skipped/>
  </testcase> <!-- developerConsole -->
  <system-out/>
  <testcase classname="com.salesforceseleniumtest.SalesForceAutomationTestScript" name="mySettingFromUserMenudrpdwn">
    <skipped/>
  </testcase> <!-- mySettingFromUserMenudrpdwn -->
  <system-out/>
  <testcase classname="com.salesforceseleniumtest.SalesForceAutomationTestScript" name="mergeAccounts">
    <skipped/>
  </testcase> <!-- mergeAccounts -->
  <system-out/>
</testsuite> <!-- com.salesforceseleniumtest.SalesForceAutomationTestScript -->
