<?xml version="1.0" encoding="UTF-8"?>
<!-- Generated by org.testng.reporters.JUnitReportReporter -->
<testsuite hostname="LAPTOP-9O068DHJ" failures="0" tests="1" name="com.automation.pages.testscripts.MyProfileFromUserMenuDDTC6" time="13.453" errors="0" timestamp="2023-06-17T00:29:00 EDT" skipped="0">
  <testcase classname="com.automation.pages.testscripts.MyProfileFromUserMenuDDTC6" name="testMyProfile" time="13.453"/>
  <system-out/>
</testsuite> <!-- com.automation.pages.testscripts.MyProfileFromUserMenuDDTC6 -->
