<?xml version="1.0" encoding="UTF-8"?>
<!-- Generated by org.testng.reporters.JUnitReportReporter -->
<testsuite hostname="LAPTOP-9O068DHJ" failures="0" tests="1" name="com.automation.pages.testscripts.UserMenuTC5" time="8.033" errors="0" timestamp="2023-06-12T08:19:19 EDT" skipped="0">
  <testcase classname="com.automation.pages.testscripts.UserMenuTC5" name="selectUserMenuDropDown" time="8.033"/>
  <system-out/>
</testsuite> <!-- com.automation.pages.testscripts.UserMenuTC5 -->
