<?xml version="1.0" encoding="UTF-8"?>
<!-- Generated by org.testng.reporters.JUnitReportReporter -->
<testsuite hostname="LAPTOP-9O068DHJ" failures="0" tests="1" name="com.automation.pages.testscripts.UserMenuDropDownTC5" time="10.773" errors="0" timestamp="2023-06-14T11:14:31 EDT" skipped="0">
  <testcase classname="com.automation.pages.testscripts.UserMenuDropDownTC5" name="testUserMenuDD" time="10.773"/>
  <system-out/>
</testsuite> <!-- com.automation.pages.testscripts.UserMenuDropDownTC5 -->
