<?xml version="1.0" encoding="UTF-8"?>
<!-- Generated by org.testng.reporters.JUnitReportReporter -->
<testsuite hostname="LAPTOP-9O068DHJ" failures="0" tests="16" name="com.salesforceseleniumtest.SalesForceAutomationTestScript1" time="24.197" errors="0" timestamp="2023-06-11T09:55:17 EDT" skipped="15">
  <testcase classname="com.salesforceseleniumtest.SalesForceAutomationTestScript1" name="verifyTabCustomization" time="24.197"/>
  <system-out/>
  <testcase classname="com.salesforceseleniumtest.SalesForceAutomationTestScript1" name="newButton">
    <skipped/>
  </testcase> <!-- newButton -->
  <system-out/>
  <testcase classname="com.salesforceseleniumtest.SalesForceAutomationTestScript1" name="defaultView">
    <skipped/>
  </testcase> <!-- defaultView -->
  <system-out/>
  <testcase classname="com.salesforceseleniumtest.SalesForceAutomationTestScript1" name="verifyFirstNmeLastNme">
    <skipped/>
  </testcase> <!-- verifyFirstNmeLastNme -->
  <system-out/>
  <testcase classname="com.salesforceseleniumtest.SalesForceAutomationTestScript1" name="checkMyContacts">
    <skipped/>
  </testcase> <!-- checkMyContacts -->
  <system-out/>
  <testcase classname="com.salesforceseleniumtest.SalesForceAutomationTestScript1" name="cancelButtonWorks">
    <skipped/>
  </testcase> <!-- cancelButtonWorks -->
  <system-out/>
  <testcase classname="com.salesforceseleniumtest.SalesForceAutomationTestScript1" name="checkTheSaveAndNewButtonWorks">
    <skipped/>
  </testcase> <!-- checkTheSaveAndNewButtonWorks -->
  <system-out/>
  <testcase classname="com.salesforceseleniumtest.SalesForceAutomationTestScript1" name="name">
    <skipped/>
  </testcase> <!-- name -->
  <system-out/>
  <testcase classname="com.salesforceseleniumtest.SalesForceAutomationTestScript1" name="createNewContact">
    <skipped/>
  </testcase> <!-- createNewContact -->
  <system-out/>
  <testcase classname="com.salesforceseleniumtest.SalesForceAutomationTestScript1" name="leadsSelectView">
    <skipped/>
  </testcase> <!-- leadsSelectView -->
  <system-out/>
  <testcase classname="com.salesforceseleniumtest.SalesForceAutomationTestScript1" name="todaysLeadsWork">
    <skipped/>
  </testcase> <!-- todaysLeadsWork -->
  <system-out/>
  <testcase classname="com.salesforceseleniumtest.SalesForceAutomationTestScript1" name="createdContactInTheContactPage">
    <skipped/>
  </testcase> <!-- createdContactInTheContactPage -->
  <system-out/>
  <testcase classname="com.salesforceseleniumtest.SalesForceAutomationTestScript1" name="leadsTab">
    <skipped/>
  </testcase> <!-- leadsTab -->
  <system-out/>
  <testcase classname="com.salesforceseleniumtest.SalesForceAutomationTestScript1" name="newViewContactPage">
    <skipped/>
  </testcase> <!-- newViewContactPage -->
  <system-out/>
  <testcase classname="com.salesforceseleniumtest.SalesForceAutomationTestScript1" name="checkErrormessage">
    <skipped/>
  </testcase> <!-- checkErrormessage -->
  <system-out/>
  <testcase classname="com.salesforceseleniumtest.SalesForceAutomationTestScript1" name="verifyEditedLastName">
    <skipped/>
  </testcase> <!-- verifyEditedLastName -->
  <system-out/>
</testsuite> <!-- com.salesforceseleniumtest.SalesForceAutomationTestScript1 -->
