<?xml version="1.0" encoding="UTF-8"?>
<!-- Generated by org.testng.reporters.JUnitReportReporter -->
<testsuite hostname="LAPTOP-9O068DHJ" failures="0" tests="1" name="com.automation.pages.testscripts.LoginTestTC1" time="9.297" errors="0" timestamp="2023-06-19T22:10:46 EDT" skipped="0">
  <testcase classname="com.automation.pages.testscripts.LoginTestTC1" name="loginToSalesForceTestScript" time="9.297"/>
  <system-out/>
</testsuite> <!-- com.automation.pages.testscripts.LoginTestTC1 -->
