<?xml version="1.0" encoding="UTF-8"?>
<!-- Generated by org.testng.reporters.JUnitReportReporter -->
<testsuite hostname="LAPTOP-9O068DHJ" failures="0" tests="1" name="com.automation.pages.testscripts.DeveloperConsoleTC8" time="7.506" errors="0" timestamp="2023-06-17T00:29:57 EDT" skipped="0">
  <testcase classname="com.automation.pages.testscripts.DeveloperConsoleTC8" name="developerConsole" time="7.506"/>
  <system-out/>
</testsuite> <!-- com.automation.pages.testscripts.DeveloperConsoleTC8 -->
